<?xml version="1.0" encoding="UTF-8"?>
<!-- Generated by org.testng.reporters.JUnitXMLReporter -->
<testsuite hostname="swapnil-PC" ignored="0" name="Test" tests="2" failures="1" timestamp="05 Oct 2019 03:19:57 GMT" time="0.294" errors="0">
  <testcase name="test1" time="0.047" classname="testng.ListenerDemo2">
    <failure type="java.lang.AssertionError" message="expected [false] but found [true]">
      <![CDATA[java.lang.AssertionError: expected [false] but found [true]
	at testng.ListenerDemo2.test1(ListenerDemo2.java:16)
... Removed 31 stack frames]]>
    </failure>
  </testcase> <!-- test1 -->
  <testcase name="test2" time="0.002" classname="testng.ListenerDemo2"/>
</testsuite> <!-- Test -->
